<?xml version="1.0" encoding="UTF-8"?>
<!-- Generated by org.testng.reporters.JUnitReportReporter -->
<testsuite hostname="DESKTOP-S28FG7M" failures="0" tests="2" name="TestCaseFile.TestCase23" time="13.790" errors="0" timestamp="2024-03-16T19:00:29 IST" skipped="0">
  <testcase classname="TestCaseFile.TestCase23" name="loginPage" time="5.212"/>
  <testcase classname="TestCaseFile.TestCase23" name="loginPage" time="8.578"/>
</testsuite> <!-- TestCaseFile.TestCase23 -->
